<?xml version="1.0" encoding="UTF-8"?>
<testng-results skipped="0" failed="0" total="1" passed="1">
  <reporter-output>
  </reporter-output>
  <suite name="cn.shenyanchao.utils.test.PathUtilsTest" duration-ms="56" started-at="2013-06-18T08:23:29Z" finished-at="2013-06-18T08:23:29Z">
    <groups>
    </groups>
    <test name="Command line test" duration-ms="56" started-at="2013-06-18T08:23:29Z" finished-at="2013-06-18T08:23:29Z">
      <class name="cn.shenyanchao.utils.test.PathUtilsTest">
        <test-method status="PASS" signature="packageToPathTest()[pri:0, instance:cn.shenyanchao.utils.test.PathUtilsTest@7f5663a2]" name="packageToPathTest" duration-ms="21" started-at="2013-06-18T16:23:29Z" finished-at="2013-06-18T16:23:29Z">
          <reporter-output>
          </reporter-output>
        </test-method> <!-- packageToPathTest -->
      </class> <!-- cn.shenyanchao.utils.test.PathUtilsTest -->
    </test> <!-- Command line test -->
  </suite> <!-- cn.shenyanchao.utils.test.PathUtilsTest -->
</testng-results>
